<?xml version="1.0" encoding="UTF-8"?>
<testsuite xmlns:xsi="http://www.w3.org/2001/XMLSchema-instance" xsi:noNamespaceSchemaLocation="https://maven.apache.org/surefire/maven-surefire-plugin/xsd/surefire-test-report.xsd" name="com.trivera.JUnit5StringAssemblerTest" time="0.035" tests="7" errors="0" skipped="0" failures="0">
  <properties>
[...]
</properties>
  <testcase name="testNull" classname="com.trivera.JUnit5StringAssemblerTest" time="0.02"/>
  <testcase name="test" classname="com.trivera.JUnit5StringAssemblerTest" time="0.001"/>
  <testcase name="test1" classname="com.trivera.JUnit5StringAssemblerTest" time="0.001"/>
  <testcase name="test2" classname="com.trivera.JUnit5StringAssemblerTest" time="0.001"/>
  <testcase name="test3" classname="com.trivera.JUnit5StringAssemblerTest" time="0"/>
  <testcase name="test4" classname="com.trivera.JUnit5StringAssemblerTest" time="0"/>
  <testcase name="test5" classname="com.trivera.JUnit5StringAssemblerTest" time="0.002"/>
</testsuite>